mode: set
github.com/DavidCai1993/negotiator/accept.go:10.52,13.21 2 1
github.com/DavidCai1993/negotiator/accept.go:18.2,20.33 2 1
github.com/DavidCai1993/negotiator/accept.go:61.2,63.8 2 1
github.com/DavidCai1993/negotiator/accept.go:13.21,16.3 2 1
github.com/DavidCai1993/negotiator/accept.go:20.33,23.37 2 1
github.com/DavidCai1993/negotiator/accept.go:27.3,30.14 3 1
github.com/DavidCai1993/negotiator/accept.go:34.3,36.57 2 1
github.com/DavidCai1993/negotiator/accept.go:58.3,58.30 1 1
github.com/DavidCai1993/negotiator/accept.go:23.37,24.12 1 0
github.com/DavidCai1993/negotiator/accept.go:30.14,31.12 1 0
github.com/DavidCai1993/negotiator/accept.go:36.57,39.40 2 1
github.com/DavidCai1993/negotiator/accept.go:47.4,47.77 1 1
github.com/DavidCai1993/negotiator/accept.go:39.40,41.5 1 1
github.com/DavidCai1993/negotiator/accept.go:41.5,41.51 1 0
github.com/DavidCai1993/negotiator/accept.go:41.51,43.5 1 0
github.com/DavidCai1993/negotiator/accept.go:43.5,44.13 1 0
github.com/DavidCai1993/negotiator/accept.go:47.77,48.21 1 1
github.com/DavidCai1993/negotiator/accept.go:52.5,52.15 1 1
github.com/DavidCai1993/negotiator/accept.go:48.21,50.6 1 0
github.com/DavidCai1993/negotiator/accept.go:53.5,54.13 1 1
github.com/DavidCai1993/negotiator/negotiator.go:24.27,26.2 1 1
github.com/DavidCai1993/negotiator/negotiator.go:29.32,31.2 1 1
github.com/DavidCai1993/negotiator/negotiator.go:34.37,35.23 1 1
github.com/DavidCai1993/negotiator/negotiator.go:38.2,38.24 1 1
github.com/DavidCai1993/negotiator/negotiator.go:50.2,50.14 1 1
github.com/DavidCai1993/negotiator/negotiator.go:35.23,37.3 1 1
github.com/DavidCai1993/negotiator/negotiator.go:38.24,39.61 1 1
github.com/DavidCai1993/negotiator/negotiator.go:43.3,43.61 1 1
github.com/DavidCai1993/negotiator/negotiator.go:47.3,47.15 1 1
github.com/DavidCai1993/negotiator/negotiator.go:39.61,41.4 1 0
github.com/DavidCai1993/negotiator/negotiator.go:43.61,45.4 1 0
github.com/DavidCai1993/negotiator/negotiator.go:59.40,61.2 1 1
github.com/DavidCai1993/negotiator/negotiator.go:64.78,69.31 3 1
github.com/DavidCai1993/negotiator/negotiator.go:102.2,102.8 1 1
github.com/DavidCai1993/negotiator/negotiator.go:69.31,72.30 2 1
github.com/DavidCai1993/negotiator/negotiator.go:72.30,73.11 1 1
github.com/DavidCai1993/negotiator/negotiator.go:74.4,75.13 1 1
github.com/DavidCai1993/negotiator/negotiator.go:76.4,77.39 1 1
github.com/DavidCai1993/negotiator/negotiator.go:83.4,85.39 1 1
github.com/DavidCai1993/negotiator/negotiator.go:91.4,92.39 1 1
github.com/DavidCai1993/negotiator/negotiator.go:77.39,82.6 3 1
github.com/DavidCai1993/negotiator/negotiator.go:85.39,90.6 3 1
github.com/DavidCai1993/negotiator/negotiator.go:92.39,97.6 3 1
